[0.142s] DEBUG:colcon:Command line arguments: ['/usr/bin/colcon', 'build', '--symlink-install']
[0.142s] DEBUG:colcon:Parsed command line arguments: Namespace(log_base=None, log_level=None, verb_name='build', build_base='build', install_base='install', merge_install=False, symlink_install=True, test_result_base=None, continue_on_error=False, executor='parallel', parallel_workers=12, event_handlers=None, ignore_user_meta=False, metas=['./colcon.meta'], base_paths=['.'], packages_ignore=None, packages_ignore_regex=None, paths=None, packages_up_to=None, packages_up_to_regex=None, packages_above=None, packages_above_and_dependencies=None, packages_above_depth=None, packages_select_by_dep=None, packages_skip_by_dep=None, packages_skip_up_to=None, packages_select_build_failed=False, packages_skip_build_finished=False, packages_select_test_failures=False, packages_skip_test_passed=False, packages_select=None, packages_skip=None, packages_select_regex=None, packages_skip_regex=None, packages_start=None, packages_end=None, allow_overriding=[], cmake_args=None, cmake_target=None, cmake_target_skip_unavailable=False, cmake_clean_cache=False, cmake_clean_first=False, cmake_force_configure=False, ament_cmake_args=None, catkin_cmake_args=None, catkin_skip_building_tests=False, mixin_files=None, mixin=None, verb_parser=<colcon_mixin.mixin.mixin_argument.MixinArgumentDecorator object at 0x7d7131c8cca0>, verb_extension=<colcon_core.verb.build.BuildVerb object at 0x7d7131c8c670>, main=<bound method BuildVerb.main of <colcon_core.verb.build.BuildVerb object at 0x7d7131c8c670>>, mixin_verb=('build',))
[0.318s] Level 1:colcon.colcon_core.package_discovery:discover_packages(colcon_meta) check parameters
[0.318s] Level 1:colcon.colcon_core.package_discovery:discover_packages(recursive) check parameters
[0.319s] Level 1:colcon.colcon_core.package_discovery:discover_packages(ignore) check parameters
[0.319s] Level 1:colcon.colcon_core.package_discovery:discover_packages(path) check parameters
[0.319s] Level 1:colcon.colcon_core.package_discovery:discover_packages(colcon_meta) discover
[0.319s] Level 1:colcon.colcon_core.package_discovery:discover_packages(recursive) discover
[0.319s] INFO:colcon.colcon_core.package_discovery:Crawling recursively for packages in '/home/orto03/ROS_Workspace/SteelDome_Project/SteelDome_WS'
[0.319s] Level 1:colcon.colcon_core.package_identification:_identify(.) by extensions ['ignore', 'ignore_ament_install']
[0.319s] Level 1:colcon.colcon_core.package_identification:_identify(.) by extension 'ignore'
[0.319s] Level 1:colcon.colcon_core.package_identification:_identify(.) by extension 'ignore_ament_install'
[0.319s] Level 1:colcon.colcon_core.package_identification:_identify(.) by extensions ['colcon_pkg']
[0.319s] Level 1:colcon.colcon_core.package_identification:_identify(.) by extension 'colcon_pkg'
[0.319s] Level 1:colcon.colcon_core.package_identification:_identify(.) by extensions ['colcon_meta']
[0.319s] Level 1:colcon.colcon_core.package_identification:_identify(.) by extension 'colcon_meta'
[0.319s] Level 1:colcon.colcon_core.package_identification:_identify(.) by extensions ['ros']
[0.319s] Level 1:colcon.colcon_core.package_identification:_identify(.) by extension 'ros'
[0.328s] Level 1:colcon.colcon_core.package_identification:_identify(.) by extensions ['cmake', 'python']
[0.328s] Level 1:colcon.colcon_core.package_identification:_identify(.) by extension 'cmake'
[0.328s] Level 1:colcon.colcon_core.package_identification:_identify(.) by extension 'python'
[0.328s] Level 1:colcon.colcon_core.package_identification:_identify(.) by extensions ['python_setup_py']
[0.328s] Level 1:colcon.colcon_core.package_identification:_identify(.) by extension 'python_setup_py'
[0.328s] Level 1:colcon.colcon_core.package_identification:_identify(build) by extensions ['ignore', 'ignore_ament_install']
[0.328s] Level 1:colcon.colcon_core.package_identification:_identify(build) by extension 'ignore'
[0.328s] Level 1:colcon.colcon_core.package_identification:_identify(build) ignored
[0.328s] Level 1:colcon.colcon_core.package_identification:_identify(install) by extensions ['ignore', 'ignore_ament_install']
[0.328s] Level 1:colcon.colcon_core.package_identification:_identify(install) by extension 'ignore'
[0.328s] Level 1:colcon.colcon_core.package_identification:_identify(install) ignored
[0.329s] Level 1:colcon.colcon_core.package_identification:_identify(log) by extensions ['ignore', 'ignore_ament_install']
[0.329s] Level 1:colcon.colcon_core.package_identification:_identify(log) by extension 'ignore'
[0.329s] Level 1:colcon.colcon_core.package_identification:_identify(log) ignored
[0.329s] Level 1:colcon.colcon_core.package_identification:_identify(src) by extensions ['ignore', 'ignore_ament_install']
[0.329s] Level 1:colcon.colcon_core.package_identification:_identify(src) by extension 'ignore'
[0.329s] Level 1:colcon.colcon_core.package_identification:_identify(src) by extension 'ignore_ament_install'
[0.329s] Level 1:colcon.colcon_core.package_identification:_identify(src) by extensions ['colcon_pkg']
[0.329s] Level 1:colcon.colcon_core.package_identification:_identify(src) by extension 'colcon_pkg'
[0.329s] Level 1:colcon.colcon_core.package_identification:_identify(src) by extensions ['colcon_meta']
[0.329s] Level 1:colcon.colcon_core.package_identification:_identify(src) by extension 'colcon_meta'
[0.329s] Level 1:colcon.colcon_core.package_identification:_identify(src) by extensions ['ros']
[0.329s] Level 1:colcon.colcon_core.package_identification:_identify(src) by extension 'ros'
[0.329s] Level 1:colcon.colcon_core.package_identification:_identify(src) by extensions ['cmake', 'python']
[0.329s] Level 1:colcon.colcon_core.package_identification:_identify(src) by extension 'cmake'
[0.329s] Level 1:colcon.colcon_core.package_identification:_identify(src) by extension 'python'
[0.329s] Level 1:colcon.colcon_core.package_identification:_identify(src) by extensions ['python_setup_py']
[0.329s] Level 1:colcon.colcon_core.package_identification:_identify(src) by extension 'python_setup_py'
[0.329s] Level 1:colcon.colcon_core.package_identification:_identify(src/turret_description) by extensions ['ignore', 'ignore_ament_install']
[0.329s] Level 1:colcon.colcon_core.package_identification:_identify(src/turret_description) by extension 'ignore'
[0.329s] Level 1:colcon.colcon_core.package_identification:_identify(src/turret_description) by extension 'ignore_ament_install'
[0.329s] Level 1:colcon.colcon_core.package_identification:_identify(src/turret_description) by extensions ['colcon_pkg']
[0.329s] Level 1:colcon.colcon_core.package_identification:_identify(src/turret_description) by extension 'colcon_pkg'
[0.329s] Level 1:colcon.colcon_core.package_identification:_identify(src/turret_description) by extensions ['colcon_meta']
[0.329s] Level 1:colcon.colcon_core.package_identification:_identify(src/turret_description) by extension 'colcon_meta'
[0.329s] Level 1:colcon.colcon_core.package_identification:_identify(src/turret_description) by extensions ['ros']
[0.329s] Level 1:colcon.colcon_core.package_identification:_identify(src/turret_description) by extension 'ros'
[0.332s] DEBUG:colcon.colcon_core.package_identification:Package 'src/turret_description' with type 'ros.ament_python' and name 'turret_description'
[0.332s] Level 1:colcon.colcon_core.package_identification:_identify(src/turret_simulation) by extensions ['ignore', 'ignore_ament_install']
[0.332s] Level 1:colcon.colcon_core.package_identification:_identify(src/turret_simulation) by extension 'ignore'
[0.332s] Level 1:colcon.colcon_core.package_identification:_identify(src/turret_simulation) by extension 'ignore_ament_install'
[0.333s] Level 1:colcon.colcon_core.package_identification:_identify(src/turret_simulation) by extensions ['colcon_pkg']
[0.333s] Level 1:colcon.colcon_core.package_identification:_identify(src/turret_simulation) by extension 'colcon_pkg'
[0.333s] Level 1:colcon.colcon_core.package_identification:_identify(src/turret_simulation) by extensions ['colcon_meta']
[0.333s] Level 1:colcon.colcon_core.package_identification:_identify(src/turret_simulation) by extension 'colcon_meta'
[0.333s] Level 1:colcon.colcon_core.package_identification:_identify(src/turret_simulation) by extensions ['ros']
[0.333s] Level 1:colcon.colcon_core.package_identification:_identify(src/turret_simulation) by extension 'ros'
[0.334s] DEBUG:colcon.colcon_core.package_identification:Package 'src/turret_simulation' with type 'ros.ament_python' and name 'turret_simulation'
[0.334s] Level 1:colcon.colcon_core.package_identification:_identify(src/turret_vision) by extensions ['ignore', 'ignore_ament_install']
[0.334s] Level 1:colcon.colcon_core.package_identification:_identify(src/turret_vision) by extension 'ignore'
[0.334s] Level 1:colcon.colcon_core.package_identification:_identify(src/turret_vision) by extension 'ignore_ament_install'
[0.334s] Level 1:colcon.colcon_core.package_identification:_identify(src/turret_vision) by extensions ['colcon_pkg']
[0.334s] Level 1:colcon.colcon_core.package_identification:_identify(src/turret_vision) by extension 'colcon_pkg'
[0.334s] Level 1:colcon.colcon_core.package_identification:_identify(src/turret_vision) by extensions ['colcon_meta']
[0.334s] Level 1:colcon.colcon_core.package_identification:_identify(src/turret_vision) by extension 'colcon_meta'
[0.334s] Level 1:colcon.colcon_core.package_identification:_identify(src/turret_vision) by extensions ['ros']
[0.334s] Level 1:colcon.colcon_core.package_identification:_identify(src/turret_vision) by extension 'ros'
[0.335s] DEBUG:colcon.colcon_core.package_identification:Package 'src/turret_vision' with type 'ros.ament_python' and name 'turret_vision'
[0.335s] Level 1:colcon.colcon_core.package_discovery:discover_packages(recursive) using defaults
[0.335s] Level 1:colcon.colcon_core.package_discovery:discover_packages(ignore) discover
[0.335s] Level 1:colcon.colcon_core.package_discovery:discover_packages(ignore) using defaults
[0.335s] Level 1:colcon.colcon_core.package_discovery:discover_packages(path) discover
[0.335s] Level 1:colcon.colcon_core.package_discovery:discover_packages(path) using defaults
[0.363s] Level 1:colcon.colcon_core.package_discovery:discover_packages(prefix_path) check parameters
[0.363s] Level 1:colcon.colcon_core.package_discovery:discover_packages(prefix_path) discover
[0.368s] DEBUG:colcon.colcon_installed_package_information.package_discovery:Found 3 installed packages in /home/orto03/ROS_Workspace/SteelDome_Project/SteelDome_WS/install
[0.369s] DEBUG:colcon.colcon_installed_package_information.package_discovery:Found 12 installed packages in /home/orto03/Spine_Robot_ws/install
[0.371s] DEBUG:colcon.colcon_installed_package_information.package_discovery:Found 350 installed packages in /opt/ros/humble
[0.372s] Level 1:colcon.colcon_core.package_discovery:discover_packages(prefix_path) using defaults
[0.417s] Level 5:colcon.colcon_core.verb:set package 'turret_description' build argument 'cmake_args' from command line to 'None'
[0.417s] Level 5:colcon.colcon_core.verb:set package 'turret_description' build argument 'cmake_target' from command line to 'None'
[0.417s] Level 5:colcon.colcon_core.verb:set package 'turret_description' build argument 'cmake_target_skip_unavailable' from command line to 'False'
[0.418s] Level 5:colcon.colcon_core.verb:set package 'turret_description' build argument 'cmake_clean_cache' from command line to 'False'
[0.418s] Level 5:colcon.colcon_core.verb:set package 'turret_description' build argument 'cmake_clean_first' from command line to 'False'
[0.418s] Level 5:colcon.colcon_core.verb:set package 'turret_description' build argument 'cmake_force_configure' from command line to 'False'
[0.418s] Level 5:colcon.colcon_core.verb:set package 'turret_description' build argument 'ament_cmake_args' from command line to 'None'
[0.418s] Level 5:colcon.colcon_core.verb:set package 'turret_description' build argument 'catkin_cmake_args' from command line to 'None'
[0.418s] Level 5:colcon.colcon_core.verb:set package 'turret_description' build argument 'catkin_skip_building_tests' from command line to 'False'
[0.418s] DEBUG:colcon.colcon_core.verb:Building package 'turret_description' with the following arguments: {'ament_cmake_args': None, 'build_base': '/home/orto03/ROS_Workspace/SteelDome_Project/SteelDome_WS/build/turret_description', 'catkin_cmake_args': None, 'catkin_skip_building_tests': False, 'cmake_args': None, 'cmake_clean_cache': False, 'cmake_clean_first': False, 'cmake_force_configure': False, 'cmake_target': None, 'cmake_target_skip_unavailable': False, 'install_base': '/home/orto03/ROS_Workspace/SteelDome_Project/SteelDome_WS/install/turret_description', 'merge_install': False, 'path': '/home/orto03/ROS_Workspace/SteelDome_Project/SteelDome_WS/src/turret_description', 'symlink_install': True, 'test_result_base': None}
[0.418s] Level 5:colcon.colcon_core.verb:set package 'turret_simulation' build argument 'cmake_args' from command line to 'None'
[0.418s] Level 5:colcon.colcon_core.verb:set package 'turret_simulation' build argument 'cmake_target' from command line to 'None'
[0.418s] Level 5:colcon.colcon_core.verb:set package 'turret_simulation' build argument 'cmake_target_skip_unavailable' from command line to 'False'
[0.418s] Level 5:colcon.colcon_core.verb:set package 'turret_simulation' build argument 'cmake_clean_cache' from command line to 'False'
[0.418s] Level 5:colcon.colcon_core.verb:set package 'turret_simulation' build argument 'cmake_clean_first' from command line to 'False'
[0.418s] Level 5:colcon.colcon_core.verb:set package 'turret_simulation' build argument 'cmake_force_configure' from command line to 'False'
[0.418s] Level 5:colcon.colcon_core.verb:set package 'turret_simulation' build argument 'ament_cmake_args' from command line to 'None'
[0.418s] Level 5:colcon.colcon_core.verb:set package 'turret_simulation' build argument 'catkin_cmake_args' from command line to 'None'
[0.418s] Level 5:colcon.colcon_core.verb:set package 'turret_simulation' build argument 'catkin_skip_building_tests' from command line to 'False'
[0.418s] DEBUG:colcon.colcon_core.verb:Building package 'turret_simulation' with the following arguments: {'ament_cmake_args': None, 'build_base': '/home/orto03/ROS_Workspace/SteelDome_Project/SteelDome_WS/build/turret_simulation', 'catkin_cmake_args': None, 'catkin_skip_building_tests': False, 'cmake_args': None, 'cmake_clean_cache': False, 'cmake_clean_first': False, 'cmake_force_configure': False, 'cmake_target': None, 'cmake_target_skip_unavailable': False, 'install_base': '/home/orto03/ROS_Workspace/SteelDome_Project/SteelDome_WS/install/turret_simulation', 'merge_install': False, 'path': '/home/orto03/ROS_Workspace/SteelDome_Project/SteelDome_WS/src/turret_simulation', 'symlink_install': True, 'test_result_base': None}
[0.418s] Level 5:colcon.colcon_core.verb:set package 'turret_vision' build argument 'cmake_args' from command line to 'None'
[0.418s] Level 5:colcon.colcon_core.verb:set package 'turret_vision' build argument 'cmake_target' from command line to 'None'
[0.418s] Level 5:colcon.colcon_core.verb:set package 'turret_vision' build argument 'cmake_target_skip_unavailable' from command line to 'False'
[0.418s] Level 5:colcon.colcon_core.verb:set package 'turret_vision' build argument 'cmake_clean_cache' from command line to 'False'
[0.418s] Level 5:colcon.colcon_core.verb:set package 'turret_vision' build argument 'cmake_clean_first' from command line to 'False'
[0.418s] Level 5:colcon.colcon_core.verb:set package 'turret_vision' build argument 'cmake_force_configure' from command line to 'False'
[0.418s] Level 5:colcon.colcon_core.verb:set package 'turret_vision' build argument 'ament_cmake_args' from command line to 'None'
[0.418s] Level 5:colcon.colcon_core.verb:set package 'turret_vision' build argument 'catkin_cmake_args' from command line to 'None'
[0.418s] Level 5:colcon.colcon_core.verb:set package 'turret_vision' build argument 'catkin_skip_building_tests' from command line to 'False'
[0.418s] DEBUG:colcon.colcon_core.verb:Building package 'turret_vision' with the following arguments: {'ament_cmake_args': None, 'build_base': '/home/orto03/ROS_Workspace/SteelDome_Project/SteelDome_WS/build/turret_vision', 'catkin_cmake_args': None, 'catkin_skip_building_tests': False, 'cmake_args': None, 'cmake_clean_cache': False, 'cmake_clean_first': False, 'cmake_force_configure': False, 'cmake_target': None, 'cmake_target_skip_unavailable': False, 'install_base': '/home/orto03/ROS_Workspace/SteelDome_Project/SteelDome_WS/install/turret_vision', 'merge_install': False, 'path': '/home/orto03/ROS_Workspace/SteelDome_Project/SteelDome_WS/src/turret_vision', 'symlink_install': True, 'test_result_base': None}
[0.418s] INFO:colcon.colcon_core.executor:Executing jobs using 'parallel' executor
[0.420s] DEBUG:colcon.colcon_parallel_executor.executor.parallel:run_until_complete
[0.420s] INFO:colcon.colcon_ros.task.ament_python.build:Building ROS package in '/home/orto03/ROS_Workspace/SteelDome_Project/SteelDome_WS/src/turret_description' with build type 'ament_python'
[0.420s] Level 1:colcon.colcon_core.shell:create_environment_hook('turret_description', 'ament_prefix_path')
[0.425s] INFO:colcon.colcon_core.plugin_system:Skipping extension 'colcon_core.shell.bat': Not used on non-Windows systems
[0.425s] INFO:colcon.colcon_core.shell:Creating environment hook '/home/orto03/ROS_Workspace/SteelDome_Project/SteelDome_WS/install/turret_description/share/turret_description/hook/ament_prefix_path.ps1'
[0.426s] INFO:colcon.colcon_core.shell:Creating environment descriptor '/home/orto03/ROS_Workspace/SteelDome_Project/SteelDome_WS/install/turret_description/share/turret_description/hook/ament_prefix_path.dsv'
[0.426s] INFO:colcon.colcon_core.shell:Creating environment hook '/home/orto03/ROS_Workspace/SteelDome_Project/SteelDome_WS/install/turret_description/share/turret_description/hook/ament_prefix_path.sh'
[0.427s] INFO:colcon.colcon_core.shell:Skip shell extension 'powershell' for command environment: Not usable outside of PowerShell
[0.427s] DEBUG:colcon.colcon_core.shell:Skip shell extension 'dsv' for command environment
[0.432s] INFO:colcon.colcon_ros.task.ament_python.build:Building ROS package in '/home/orto03/ROS_Workspace/SteelDome_Project/SteelDome_WS/src/turret_simulation' with build type 'ament_python'
[0.432s] Level 1:colcon.colcon_core.shell:create_environment_hook('turret_simulation', 'ament_prefix_path')
[0.432s] INFO:colcon.colcon_core.shell:Creating environment hook '/home/orto03/ROS_Workspace/SteelDome_Project/SteelDome_WS/install/turret_simulation/share/turret_simulation/hook/ament_prefix_path.ps1'
[0.432s] INFO:colcon.colcon_core.shell:Creating environment descriptor '/home/orto03/ROS_Workspace/SteelDome_Project/SteelDome_WS/install/turret_simulation/share/turret_simulation/hook/ament_prefix_path.dsv'
[0.434s] INFO:colcon.colcon_core.shell:Creating environment hook '/home/orto03/ROS_Workspace/SteelDome_Project/SteelDome_WS/install/turret_simulation/share/turret_simulation/hook/ament_prefix_path.sh'
[0.435s] INFO:colcon.colcon_core.shell:Skip shell extension 'powershell' for command environment: Not usable outside of PowerShell
[0.435s] DEBUG:colcon.colcon_core.shell:Skip shell extension 'dsv' for command environment
[0.441s] INFO:colcon.colcon_ros.task.ament_python.build:Building ROS package in '/home/orto03/ROS_Workspace/SteelDome_Project/SteelDome_WS/src/turret_vision' with build type 'ament_python'
[0.441s] Level 1:colcon.colcon_core.shell:create_environment_hook('turret_vision', 'ament_prefix_path')
[0.442s] INFO:colcon.colcon_core.shell:Creating environment hook '/home/orto03/ROS_Workspace/SteelDome_Project/SteelDome_WS/install/turret_vision/share/turret_vision/hook/ament_prefix_path.ps1'
[0.442s] INFO:colcon.colcon_core.shell:Creating environment descriptor '/home/orto03/ROS_Workspace/SteelDome_Project/SteelDome_WS/install/turret_vision/share/turret_vision/hook/ament_prefix_path.dsv'
[0.442s] INFO:colcon.colcon_core.shell:Creating environment hook '/home/orto03/ROS_Workspace/SteelDome_Project/SteelDome_WS/install/turret_vision/share/turret_vision/hook/ament_prefix_path.sh'
[0.443s] INFO:colcon.colcon_core.shell:Skip shell extension 'powershell' for command environment: Not usable outside of PowerShell
[0.443s] DEBUG:colcon.colcon_core.shell:Skip shell extension 'dsv' for command environment
[0.611s] INFO:colcon.colcon_core.task.python.build:Building Python package in '/home/orto03/ROS_Workspace/SteelDome_Project/SteelDome_WS/src/turret_description'
[0.612s] INFO:colcon.colcon_core.shell:Skip shell extension 'powershell' for command environment: Not usable outside of PowerShell
[0.612s] DEBUG:colcon.colcon_core.shell:Skip shell extension 'dsv' for command environment
[0.777s] INFO:colcon.colcon_core.task.python.build:Building Python package in '/home/orto03/ROS_Workspace/SteelDome_Project/SteelDome_WS/src/turret_simulation'
[0.777s] INFO:colcon.colcon_core.shell:Skip shell extension 'powershell' for command environment: Not usable outside of PowerShell
[0.777s] DEBUG:colcon.colcon_core.shell:Skip shell extension 'dsv' for command environment
[0.942s] INFO:colcon.colcon_core.task.python.build:Building Python package in '/home/orto03/ROS_Workspace/SteelDome_Project/SteelDome_WS/src/turret_vision'
[0.942s] INFO:colcon.colcon_core.shell:Skip shell extension 'powershell' for command environment: Not usable outside of PowerShell
[0.942s] DEBUG:colcon.colcon_core.shell:Skip shell extension 'dsv' for command environment
[1.272s] DEBUG:colcon.colcon_core.event_handler.log_command:Invoking command in '/home/orto03/ROS_Workspace/SteelDome_Project/SteelDome_WS/build/turret_vision': PYTHONPATH=/home/orto03/ROS_Workspace/SteelDome_Project/SteelDome_WS/build/turret_vision/prefix_override:/usr/lib/python3/dist-packages/colcon_core/task/python/colcon_distutils_commands:/home/orto03/ROS_Workspace/SteelDome_Project/SteelDome_WS/install/turret_vision/lib/python3.10/site-packages:${PYTHONPATH} /usr/bin/python3 -W ignore:setup.py install is deprecated -W ignore:easy_install command is deprecated setup.py develop --editable --build-directory /home/orto03/ROS_Workspace/SteelDome_Project/SteelDome_WS/build/turret_vision/build --no-deps symlink_data
[1.278s] DEBUG:colcon.colcon_core.event_handler.log_command:Invoking command in '/home/orto03/ROS_Workspace/SteelDome_Project/SteelDome_WS/build/turret_simulation': PYTHONPATH=/home/orto03/ROS_Workspace/SteelDome_Project/SteelDome_WS/build/turret_simulation/prefix_override:/usr/lib/python3/dist-packages/colcon_core/task/python/colcon_distutils_commands:/home/orto03/ROS_Workspace/SteelDome_Project/SteelDome_WS/install/turret_simulation/lib/python3.10/site-packages:${PYTHONPATH} /usr/bin/python3 -W ignore:setup.py install is deprecated -W ignore:easy_install command is deprecated setup.py develop --editable --build-directory /home/orto03/ROS_Workspace/SteelDome_Project/SteelDome_WS/build/turret_simulation/build --no-deps symlink_data
[1.281s] DEBUG:colcon.colcon_core.event_handler.log_command:Invoking command in '/home/orto03/ROS_Workspace/SteelDome_Project/SteelDome_WS/build/turret_description': PYTHONPATH=/home/orto03/ROS_Workspace/SteelDome_Project/SteelDome_WS/build/turret_description/prefix_override:/usr/lib/python3/dist-packages/colcon_core/task/python/colcon_distutils_commands:/home/orto03/ROS_Workspace/SteelDome_Project/SteelDome_WS/install/turret_description/lib/python3.10/site-packages:${PYTHONPATH} /usr/bin/python3 -W ignore:setup.py install is deprecated -W ignore:easy_install command is deprecated setup.py develop --editable --build-directory /home/orto03/ROS_Workspace/SteelDome_Project/SteelDome_WS/build/turret_description/build --no-deps symlink_data
[1.557s] DEBUG:colcon.colcon_core.event_handler.log_command:Invoked command in '/home/orto03/ROS_Workspace/SteelDome_Project/SteelDome_WS/build/turret_simulation' returned '1': PYTHONPATH=/home/orto03/ROS_Workspace/SteelDome_Project/SteelDome_WS/build/turret_simulation/prefix_override:/usr/lib/python3/dist-packages/colcon_core/task/python/colcon_distutils_commands:/home/orto03/ROS_Workspace/SteelDome_Project/SteelDome_WS/install/turret_simulation/lib/python3.10/site-packages:${PYTHONPATH} /usr/bin/python3 -W ignore:setup.py install is deprecated -W ignore:easy_install command is deprecated setup.py develop --editable --build-directory /home/orto03/ROS_Workspace/SteelDome_Project/SteelDome_WS/build/turret_simulation/build --no-deps symlink_data
[1.631s] DEBUG:colcon.colcon_parallel_executor.executor.parallel:closing loop
[1.631s] DEBUG:colcon.colcon_parallel_executor.executor.parallel:loop closed
[1.631s] DEBUG:colcon.colcon_parallel_executor.executor.parallel:run_until_complete finished with '1'
[1.631s] DEBUG:colcon.colcon_core.event_reactor:joining thread
[1.638s] INFO:colcon.colcon_core.plugin_system:Skipping extension 'colcon_notification.desktop_notification.terminal_notifier': Not used on non-Darwin systems
[1.638s] INFO:colcon.colcon_core.plugin_system:Skipping extension 'colcon_notification.desktop_notification.win32': Not used on non-Windows systems
[1.638s] INFO:colcon.colcon_notification.desktop_notification:Sending desktop notification using 'notify2'
[1.649s] DEBUG:colcon.colcon_core.event_reactor:joined thread
[1.650s] INFO:colcon.colcon_core.shell:Creating prefix script '/home/orto03/ROS_Workspace/SteelDome_Project/SteelDome_WS/install/local_setup.ps1'
[1.651s] INFO:colcon.colcon_core.shell:Creating prefix util module '/home/orto03/ROS_Workspace/SteelDome_Project/SteelDome_WS/install/_local_setup_util_ps1.py'
[1.653s] INFO:colcon.colcon_core.shell:Creating prefix chain script '/home/orto03/ROS_Workspace/SteelDome_Project/SteelDome_WS/install/setup.ps1'
[1.654s] INFO:colcon.colcon_core.shell:Creating prefix script '/home/orto03/ROS_Workspace/SteelDome_Project/SteelDome_WS/install/local_setup.sh'
[1.654s] INFO:colcon.colcon_core.shell:Creating prefix util module '/home/orto03/ROS_Workspace/SteelDome_Project/SteelDome_WS/install/_local_setup_util_sh.py'
[1.654s] INFO:colcon.colcon_core.shell:Creating prefix chain script '/home/orto03/ROS_Workspace/SteelDome_Project/SteelDome_WS/install/setup.sh'
[1.655s] INFO:colcon.colcon_core.shell:Creating prefix script '/home/orto03/ROS_Workspace/SteelDome_Project/SteelDome_WS/install/local_setup.bash'
[1.656s] INFO:colcon.colcon_core.shell:Creating prefix chain script '/home/orto03/ROS_Workspace/SteelDome_Project/SteelDome_WS/install/setup.bash'
[1.657s] INFO:colcon.colcon_core.shell:Creating prefix script '/home/orto03/ROS_Workspace/SteelDome_Project/SteelDome_WS/install/local_setup.zsh'
[1.657s] INFO:colcon.colcon_core.shell:Creating prefix chain script '/home/orto03/ROS_Workspace/SteelDome_Project/SteelDome_WS/install/setup.zsh'
