running develop
running egg_info
creating turret_description.egg-info
writing turret_description.egg-info/PKG-INFO
writing dependency_links to turret_description.egg-info/dependency_links.txt
writing entry points to turret_description.egg-info/entry_points.txt
writing requirements to turret_description.egg-info/requires.txt
writing top-level names to turret_description.egg-info/top_level.txt
writing manifest file 'turret_description.egg-info/SOURCES.txt'
reading manifest file 'turret_description.egg-info/SOURCES.txt'
writing manifest file 'turret_description.egg-info/SOURCES.txt'
running build_ext
Creating /home/orto03/ROS_Workspace/SteelDome_WS/install/turret_description/lib/python3.10/site-packages/turret-description.egg-link (link to .)

Installed /home/orto03/ROS_Workspace/SteelDome_WS/build/turret_description
running symlink_data
creating /home/orto03/ROS_Workspace/SteelDome_WS/install/turret_description/share/ament_index
creating /home/orto03/ROS_Workspace/SteelDome_WS/install/turret_description/share/ament_index/resource_index
creating /home/orto03/ROS_Workspace/SteelDome_WS/install/turret_description/share/ament_index/resource_index/packages
symbolically linking /home/orto03/ROS_Workspace/SteelDome_WS/build/turret_description/resource/turret_description -> /home/orto03/ROS_Workspace/SteelDome_WS/install/turret_description/share/ament_index/resource_index/packages
symbolically linking /home/orto03/ROS_Workspace/SteelDome_WS/build/turret_description/package.xml -> /home/orto03/ROS_Workspace/SteelDome_WS/install/turret_description/share/turret_description
creating /home/orto03/ROS_Workspace/SteelDome_WS/install/turret_description/share/turret_description/launch
creating /home/orto03/ROS_Workspace/SteelDome_WS/install/turret_description/share/turret_description/urdf
symbolically linking /home/orto03/ROS_Workspace/SteelDome_WS/build/turret_description/urdf/turretV2.urdf.xacro -> /home/orto03/ROS_Workspace/SteelDome_WS/install/turret_description/share/turret_description/urdf
symbolically linking /home/orto03/ROS_Workspace/SteelDome_WS/build/turret_description/urdf/turret.urdf.xacro -> /home/orto03/ROS_Workspace/SteelDome_WS/install/turret_description/share/turret_description/urdf
symbolically linking /home/orto03/ROS_Workspace/SteelDome_WS/build/turret_description/urdf/turret.urdf -> /home/orto03/ROS_Workspace/SteelDome_WS/install/turret_description/share/turret_description/urdf
symbolically linking /home/orto03/ROS_Workspace/SteelDome_WS/build/turret_description/urdf/TURRETVVV.SLDASM.urdf -> /home/orto03/ROS_Workspace/SteelDome_WS/install/turret_description/share/turret_description/urdf
creating /home/orto03/ROS_Workspace/SteelDome_WS/install/turret_description/share/turret_description/meshes
symbolically linking /home/orto03/ROS_Workspace/SteelDome_WS/build/turret_description/meshes/Vertical_Link.STL -> /home/orto03/ROS_Workspace/SteelDome_WS/install/turret_description/share/turret_description/meshes
symbolically linking /home/orto03/ROS_Workspace/SteelDome_WS/build/turret_description/meshes/base_link.STL -> /home/orto03/ROS_Workspace/SteelDome_WS/install/turret_description/share/turret_description/meshes
symbolically linking /home/orto03/ROS_Workspace/SteelDome_WS/build/turret_description/meshes/Horizontal_Link.STL -> /home/orto03/ROS_Workspace/SteelDome_WS/install/turret_description/share/turret_description/meshes
creating /home/orto03/ROS_Workspace/SteelDome_WS/install/turret_description/share/turret_description/rviz
