[0.801s] Invoking command in '/home/orto03/ROS_Workspace/SteelDome_WS/build/turret_description': PYTHONPATH=/home/orto03/ROS_Workspace/SteelDome_WS/build/turret_description/prefix_override:/usr/lib/python3/dist-packages/colcon_core/task/python/colcon_distutils_commands:/home/orto03/ROS_Workspace/SteelDome_WS/install/turret_description/lib/python3.10/site-packages:${PYTHONPATH} /usr/bin/python3 -W ignore:setup.py install is deprecated -W ignore:easy_install command is deprecated setup.py develop --editable --build-directory /home/orto03/ROS_Workspace/SteelDome_WS/build/turret_description/build --no-deps symlink_data
[1.015s] running develop
[1.103s] running egg_info
[1.104s] creating turret_description.egg-info
[1.104s] writing turret_description.egg-info/PKG-INFO
[1.104s] writing dependency_links to turret_description.egg-info/dependency_links.txt
[1.104s] writing entry points to turret_description.egg-info/entry_points.txt
[1.104s] writing requirements to turret_description.egg-info/requires.txt
[1.104s] writing top-level names to turret_description.egg-info/top_level.txt
[1.104s] writing manifest file 'turret_description.egg-info/SOURCES.txt'
[1.106s] reading manifest file 'turret_description.egg-info/SOURCES.txt'
[1.106s] writing manifest file 'turret_description.egg-info/SOURCES.txt'
[1.107s] running build_ext
[1.108s] Creating /home/orto03/ROS_Workspace/SteelDome_WS/install/turret_description/lib/python3.10/site-packages/turret-description.egg-link (link to .)
[1.108s] 
[1.108s] Installed /home/orto03/ROS_Workspace/SteelDome_WS/build/turret_description
[1.108s] running symlink_data
[1.109s] creating /home/orto03/ROS_Workspace/SteelDome_WS/install/turret_description/share/ament_index
[1.109s] creating /home/orto03/ROS_Workspace/SteelDome_WS/install/turret_description/share/ament_index/resource_index
[1.109s] creating /home/orto03/ROS_Workspace/SteelDome_WS/install/turret_description/share/ament_index/resource_index/packages
[1.109s] symbolically linking /home/orto03/ROS_Workspace/SteelDome_WS/build/turret_description/resource/turret_description -> /home/orto03/ROS_Workspace/SteelDome_WS/install/turret_description/share/ament_index/resource_index/packages
[1.109s] symbolically linking /home/orto03/ROS_Workspace/SteelDome_WS/build/turret_description/package.xml -> /home/orto03/ROS_Workspace/SteelDome_WS/install/turret_description/share/turret_description
[1.109s] creating /home/orto03/ROS_Workspace/SteelDome_WS/install/turret_description/share/turret_description/launch
[1.109s] creating /home/orto03/ROS_Workspace/SteelDome_WS/install/turret_description/share/turret_description/urdf
[1.109s] symbolically linking /home/orto03/ROS_Workspace/SteelDome_WS/build/turret_description/urdf/turretV2.urdf.xacro -> /home/orto03/ROS_Workspace/SteelDome_WS/install/turret_description/share/turret_description/urdf
[1.109s] symbolically linking /home/orto03/ROS_Workspace/SteelDome_WS/build/turret_description/urdf/turret.urdf.xacro -> /home/orto03/ROS_Workspace/SteelDome_WS/install/turret_description/share/turret_description/urdf
[1.109s] symbolically linking /home/orto03/ROS_Workspace/SteelDome_WS/build/turret_description/urdf/turret.urdf -> /home/orto03/ROS_Workspace/SteelDome_WS/install/turret_description/share/turret_description/urdf
[1.109s] symbolically linking /home/orto03/ROS_Workspace/SteelDome_WS/build/turret_description/urdf/TURRETVVV.SLDASM.urdf -> /home/orto03/ROS_Workspace/SteelDome_WS/install/turret_description/share/turret_description/urdf
[1.109s] creating /home/orto03/ROS_Workspace/SteelDome_WS/install/turret_description/share/turret_description/meshes
[1.110s] symbolically linking /home/orto03/ROS_Workspace/SteelDome_WS/build/turret_description/meshes/Vertical_Link.STL -> /home/orto03/ROS_Workspace/SteelDome_WS/install/turret_description/share/turret_description/meshes
[1.110s] symbolically linking /home/orto03/ROS_Workspace/SteelDome_WS/build/turret_description/meshes/base_link.STL -> /home/orto03/ROS_Workspace/SteelDome_WS/install/turret_description/share/turret_description/meshes
[1.110s] symbolically linking /home/orto03/ROS_Workspace/SteelDome_WS/build/turret_description/meshes/Horizontal_Link.STL -> /home/orto03/ROS_Workspace/SteelDome_WS/install/turret_description/share/turret_description/meshes
[1.110s] creating /home/orto03/ROS_Workspace/SteelDome_WS/install/turret_description/share/turret_description/rviz
[1.144s] Invoked command in '/home/orto03/ROS_Workspace/SteelDome_WS/build/turret_description' returned '0': PYTHONPATH=/home/orto03/ROS_Workspace/SteelDome_WS/build/turret_description/prefix_override:/usr/lib/python3/dist-packages/colcon_core/task/python/colcon_distutils_commands:/home/orto03/ROS_Workspace/SteelDome_WS/install/turret_description/lib/python3.10/site-packages:${PYTHONPATH} /usr/bin/python3 -W ignore:setup.py install is deprecated -W ignore:easy_install command is deprecated setup.py develop --editable --build-directory /home/orto03/ROS_Workspace/SteelDome_WS/build/turret_description/build --no-deps symlink_data
