running develop
running egg_info
creating turret_vision.egg-info
writing turret_vision.egg-info/PKG-INFO
writing dependency_links to turret_vision.egg-info/dependency_links.txt
writing entry points to turret_vision.egg-info/entry_points.txt
writing requirements to turret_vision.egg-info/requires.txt
writing top-level names to turret_vision.egg-info/top_level.txt
writing manifest file 'turret_vision.egg-info/SOURCES.txt'
reading manifest file 'turret_vision.egg-info/SOURCES.txt'
writing manifest file 'turret_vision.egg-info/SOURCES.txt'
running build_ext
Creating /home/orto03/ROS_Workspace/SteelDome_WS/install/turret_vision/lib/python3.10/site-packages/turret-vision.egg-link (link to .)

Installed /home/orto03/ROS_Workspace/SteelDome_WS/build/turret_vision
running symlink_data
creating /home/orto03/ROS_Workspace/SteelDome_WS/install/turret_vision/share/ament_index
creating /home/orto03/ROS_Workspace/SteelDome_WS/install/turret_vision/share/ament_index/resource_index
creating /home/orto03/ROS_Workspace/SteelDome_WS/install/turret_vision/share/ament_index/resource_index/packages
symbolically linking /home/orto03/ROS_Workspace/SteelDome_WS/build/turret_vision/resource/turret_vision -> /home/orto03/ROS_Workspace/SteelDome_WS/install/turret_vision/share/ament_index/resource_index/packages
symbolically linking /home/orto03/ROS_Workspace/SteelDome_WS/build/turret_vision/package.xml -> /home/orto03/ROS_Workspace/SteelDome_WS/install/turret_vision/share/turret_vision
creating /home/orto03/ROS_Workspace/SteelDome_WS/install/turret_vision/share/turret_vision/launch
creating /home/orto03/ROS_Workspace/SteelDome_WS/install/turret_vision/share/turret_vision/config
symbolically linking /home/orto03/ROS_Workspace/SteelDome_WS/build/turret_vision/config/labels.txt -> /home/orto03/ROS_Workspace/SteelDome_WS/install/turret_vision/share/turret_vision/config
symbolically linking /home/orto03/ROS_Workspace/SteelDome_WS/build/turret_vision/config/camera_params.yaml -> /home/orto03/ROS_Workspace/SteelDome_WS/install/turret_vision/share/turret_vision/config
