running develop
running egg_info
creating turret_simulation.egg-info
writing turret_simulation.egg-info/PKG-INFO
writing dependency_links to turret_simulation.egg-info/dependency_links.txt
writing entry points to turret_simulation.egg-info/entry_points.txt
writing requirements to turret_simulation.egg-info/requires.txt
writing top-level names to turret_simulation.egg-info/top_level.txt
writing manifest file 'turret_simulation.egg-info/SOURCES.txt'
reading manifest file 'turret_simulation.egg-info/SOURCES.txt'
writing manifest file 'turret_simulation.egg-info/SOURCES.txt'
running build_ext
Creating /home/orto03/ROS_Workspace/SteelDome_WS/install/turret_simulation/lib/python3.10/site-packages/turret-simulation.egg-link (link to .)

Installed /home/orto03/ROS_Workspace/SteelDome_WS/build/turret_simulation
running symlink_data
creating /home/orto03/ROS_Workspace/SteelDome_WS/install/turret_simulation/share/ament_index
creating /home/orto03/ROS_Workspace/SteelDome_WS/install/turret_simulation/share/ament_index/resource_index
creating /home/orto03/ROS_Workspace/SteelDome_WS/install/turret_simulation/share/ament_index/resource_index/packages
symbolically linking /home/orto03/ROS_Workspace/SteelDome_WS/build/turret_simulation/resource/turret_simulation -> /home/orto03/ROS_Workspace/SteelDome_WS/install/turret_simulation/share/ament_index/resource_index/packages
symbolically linking /home/orto03/ROS_Workspace/SteelDome_WS/build/turret_simulation/package.xml -> /home/orto03/ROS_Workspace/SteelDome_WS/install/turret_simulation/share/turret_simulation
creating /home/orto03/ROS_Workspace/SteelDome_WS/install/turret_simulation/share/turret_simulation/launch
symbolically linking /home/orto03/ROS_Workspace/SteelDome_WS/build/turret_simulation/launch/gazebo_launch.py -> /home/orto03/ROS_Workspace/SteelDome_WS/install/turret_simulation/share/turret_simulation/launch
creating /home/orto03/ROS_Workspace/SteelDome_WS/install/turret_simulation/share/turret_simulation/world
symbolically linking /home/orto03/ROS_Workspace/SteelDome_WS/build/turret_simulation/world/arena.world -> /home/orto03/ROS_Workspace/SteelDome_WS/install/turret_simulation/share/turret_simulation/world
creating /home/orto03/ROS_Workspace/SteelDome_WS/install/turret_simulation/share/turret_simulation/config
symbolically linking /home/orto03/ROS_Workspace/SteelDome_WS/build/turret_simulation/config/turret_controllers.yaml -> /home/orto03/ROS_Workspace/SteelDome_WS/install/turret_simulation/share/turret_simulation/config
